writeCommonTags: couldn't write 'year' tag to 'Zamin - Zamin/Zamin - Zamin - 01 Jago.wav' as it's not a positive integer
writeCommonTags: couldn't write 'track' tag to 'Zamin - Zamin/Zamin - Zamin - 01 Jago.wav' as it's not a positive integer
writeCommonTags: couldn't write 'year' tag to 'Zamin - Zamin/Zamin - Zamin - 02 Laila.wav' as it's not a positive integer
writeCommonTags: couldn't write 'track' tag to 'Zamin - Zamin/Zamin - Zamin - 02 Laila.wav' as it's not a positive integer
writeCommonTags: couldn't write 'year' tag to 'Zamin - Zamin/Zamin - Zamin - 03 Shaam.wav' as it's not a positive integer
writeCommonTags: couldn't write 'track' tag to 'Zamin - Zamin/Zamin - Zamin - 03 Shaam.wav' as it's not a positive integer
writeCommonTags: couldn't write 'year' tag to 'Zamin - Zamin/Zamin - Zamin - 04 Too Much.wav' as it's not a positive integer
writeCommonTags: couldn't write 'track' tag to 'Zamin - Zamin/Zamin - Zamin - 04 Too Much.wav' as it's not a positive integer
writeCommonTags: couldn't write 'year' tag to 'Zamin - Zamin/Zamin - Zamin - 05 The Wait Alaap.wav' as it's not a positive integer
writeCommonTags: couldn't write 'track' tag to 'Zamin - Zamin/Zamin - Zamin - 05 The Wait Alaap.wav' as it's not a positive integer
writeCommonTags: couldn't write 'year' tag to 'Zamin - Zamin/Zamin - Zamin - 06 The Wait.wav' as it's not a positive integer
writeCommonTags: couldn't write 'track' tag to 'Zamin - Zamin/Zamin - Zamin - 06 The Wait.wav' as it's not a positive integer
writeCommonTags: couldn't write 'year' tag to 'Zamin - Zamin/Zamin - Zamin - 07 Broken.wav' as it's not a positive integer
writeCommonTags: couldn't write 'track' tag to 'Zamin - Zamin/Zamin - Zamin - 07 Broken.wav' as it's not a positive integer
writeCommonTags: couldn't write 'year' tag to 'Zamin - Zamin/Zamin - Zamin - 08 Rush.wav' as it's not a positive integer
writeCommonTags: couldn't write 'track' tag to 'Zamin - Zamin/Zamin - Zamin - 08 Rush.wav' as it's not a positive integer
writeCommonTags: couldn't write 'year' tag to 'Zamin - Zamin/Zamin - Zamin - 09 Hai Hai.wav' as it's not a positive integer
writeCommonTags: couldn't write 'track' tag to 'Zamin - Zamin/Zamin - Zamin - 09 Hai Hai.wav' as it's not a positive integer
writeCommonTags: couldn't write 'year' tag to 'Zamin - Zamin/Zamin - Zamin - 10 In The Dark.wav' as it's not a positive integer
writeCommonTags: couldn't write 'track' tag to 'Zamin - Zamin/Zamin - Zamin - 10 In The Dark.wav' as it's not a positive integer
writeCommonTags: couldn't write 'year' tag to 'JPEGMAFIA x Danny Brown - SCARING THE HOES/JPEGMAFIA x Danny Brown - SCARING THE HOES - 01 Lean Beef Patty.wav' as it's not a positive integer
writeCommonTags: couldn't write 'year' tag to 'JPEGMAFIA x Danny Brown - SCARING THE HOES/JPEGMAFIA x Danny Brown - SCARING THE HOES - 02 Steppa Pig.wav' as it's not a positive integer
writeCommonTags: couldn't write 'year' tag to 'JPEGMAFIA x Danny Brown - SCARING THE HOES/JPEGMAFIA x Danny Brown - SCARING THE HOES - 03 SCARING THE HOES.wav' as it's not a positive integer
writeCommonTags: couldn't write 'year' tag to 'JPEGMAFIA x Danny Brown - SCARING THE HOES/JPEGMAFIA x Danny Brown - SCARING THE HOES - 04 Garbage Pale Kids.wav' as it's not a positive integer
writeCommonTags: couldn't write 'year' tag to 'JPEGMAFIA x Danny Brown - SCARING THE HOES/JPEGMAFIA x Danny Brown - SCARING THE HOES - 05 Fentanyl Tester.wav' as it's not a positive integer
writeCommonTags: couldn't write 'year' tag to 'JPEGMAFIA x Danny Brown - SCARING THE HOES/JPEGMAFIA x Danny Brown - SCARING THE HOES - 06 Burfict!.wav' as it's not a positive integer
writeCommonTags: couldn't write 'year' tag to 'JPEGMAFIA x Danny Brown - SCARING THE HOES/JPEGMAFIA x Danny Brown - SCARING THE HOES - 07 Shut Yo Bitch Ass Up - Muddy Waters.wav' as it's not a positive integer
writeCommonTags: couldn't write 'year' tag to 'JPEGMAFIA x Danny Brown - SCARING THE HOES/JPEGMAFIA x Danny Brown - SCARING THE HOES - 08 Orange Juice Jones.wav' as it's not a positive integer
writeCommonTags: couldn't write 'year' tag to 'JPEGMAFIA x Danny Brown - SCARING THE HOES/JPEGMAFIA x Danny Brown - SCARING THE HOES - 09 Kingdom Hearts Key (ft. redveil).wav' as it's not a positive integer
writeCommonTags: couldn't write 'year' tag to 'JPEGMAFIA x Danny Brown - SCARING THE HOES/JPEGMAFIA x Danny Brown - SCARING THE HOES - 10 God Loves You.wav' as it's not a positive integer
writeCommonTags: couldn't write 'year' tag to 'JPEGMAFIA x Danny Brown - SCARING THE HOES/JPEGMAFIA x Danny Brown - SCARING THE HOES - 11 Run The Jewels.wav' as it's not a positive integer
writeCommonTags: couldn't write 'year' tag to 'JPEGMAFIA x Danny Brown - SCARING THE HOES/JPEGMAFIA x Danny Brown - SCARING THE HOES - 12 Jack Harlow Combo Meal.wav' as it's not a positive integer
writeCommonTags: couldn't write 'year' tag to 'JPEGMAFIA x Danny Brown - SCARING THE HOES/JPEGMAFIA x Danny Brown - SCARING THE HOES - 13 HOE (Heaven on Earth).wav' as it's not a positive integer
writeCommonTags: couldn't write 'year' tag to 'JPEGMAFIA x Danny Brown - SCARING THE HOES/JPEGMAFIA x Danny Brown - SCARING THE HOES - 14 Where Ya Get Ya Coke From-.wav' as it's not a positive integer
writeCommonTags: couldn't write 'year' tag to 'Zamin - Zamin/Zamin - Zamin - 01 Jago.wav' as it's not a positive integer
writeCommonTags: couldn't write 'track' tag to 'Zamin - Zamin/Zamin - Zamin - 01 Jago.wav' as it's not a positive integer
writeCommonTags: couldn't write 'year' tag to 'Zamin - Zamin/Zamin - Zamin - 02 Laila.wav' as it's not a positive integer
writeCommonTags: couldn't write 'track' tag to 'Zamin - Zamin/Zamin - Zamin - 02 Laila.wav' as it's not a positive integer
writeCommonTags: couldn't write 'year' tag to 'Zamin - Zamin/Zamin - Zamin - 03 Shaam.wav' as it's not a positive integer
writeCommonTags: couldn't write 'track' tag to 'Zamin - Zamin/Zamin - Zamin - 03 Shaam.wav' as it's not a positive integer
writeCommonTags: couldn't write 'year' tag to 'Zamin - Zamin/Zamin - Zamin - 04 Too Much.wav' as it's not a positive integer
writeCommonTags: couldn't write 'track' tag to 'Zamin - Zamin/Zamin - Zamin - 04 Too Much.wav' as it's not a positive integer
writeCommonTags: couldn't write 'year' tag to 'Zamin - Zamin/Zamin - Zamin - 05 The Wait Alaap.wav' as it's not a positive integer
writeCommonTags: couldn't write 'track' tag to 'Zamin - Zamin/Zamin - Zamin - 05 The Wait Alaap.wav' as it's not a positive integer
writeCommonTags: couldn't write 'year' tag to 'Zamin - Zamin/Zamin - Zamin - 06 The Wait.wav' as it's not a positive integer
writeCommonTags: couldn't write 'track' tag to 'Zamin - Zamin/Zamin - Zamin - 06 The Wait.wav' as it's not a positive integer
writeCommonTags: couldn't write 'year' tag to 'Zamin - Zamin/Zamin - Zamin - 07 Broken.wav' as it's not a positive integer
writeCommonTags: couldn't write 'track' tag to 'Zamin - Zamin/Zamin - Zamin - 07 Broken.wav' as it's not a positive integer
writeCommonTags: couldn't write 'year' tag to 'Zamin - Zamin/Zamin - Zamin - 08 Rush.wav' as it's not a positive integer
writeCommonTags: couldn't write 'track' tag to 'Zamin - Zamin/Zamin - Zamin - 08 Rush.wav' as it's not a positive integer
writeCommonTags: couldn't write 'year' tag to 'Zamin - Zamin/Zamin - Zamin - 09 Hai Hai.wav' as it's not a positive integer
writeCommonTags: couldn't write 'track' tag to 'Zamin - Zamin/Zamin - Zamin - 09 Hai Hai.wav' as it's not a positive integer
writeCommonTags: couldn't write 'year' tag to 'Zamin - Zamin/Zamin - Zamin - 10 In The Dark.wav' as it's not a positive integer
writeCommonTags: couldn't write 'track' tag to 'Zamin - Zamin/Zamin - Zamin - 10 In The Dark.wav' as it's not a positive integer
writeCommonTags: couldn't write 'year' tag to 'Zamin - Zamin/Zamin - Zamin - 01 Jago.wav' as it's not a positive integer
writeCommonTags: couldn't write 'track' tag to 'Zamin - Zamin/Zamin - Zamin - 01 Jago.wav' as it's not a positive integer
writeCommonTags: couldn't write 'year' tag to 'Zamin - Zamin/Zamin - Zamin - 02 Laila.wav' as it's not a positive integer
writeCommonTags: couldn't write 'track' tag to 'Zamin - Zamin/Zamin - Zamin - 02 Laila.wav' as it's not a positive integer
writeCommonTags: couldn't write 'year' tag to 'Zamin - Zamin/Zamin - Zamin - 03 Shaam.wav' as it's not a positive integer
writeCommonTags: couldn't write 'track' tag to 'Zamin - Zamin/Zamin - Zamin - 03 Shaam.wav' as it's not a positive integer
writeCommonTags: couldn't write 'year' tag to 'Zamin - Zamin/Zamin - Zamin - 04 Too Much.wav' as it's not a positive integer
writeCommonTags: couldn't write 'track' tag to 'Zamin - Zamin/Zamin - Zamin - 04 Too Much.wav' as it's not a positive integer
writeCommonTags: couldn't write 'year' tag to 'Zamin - Zamin/Zamin - Zamin - 05 The Wait Alaap.wav' as it's not a positive integer
writeCommonTags: couldn't write 'track' tag to 'Zamin - Zamin/Zamin - Zamin - 05 The Wait Alaap.wav' as it's not a positive integer
writeCommonTags: couldn't write 'year' tag to 'Zamin - Zamin/Zamin - Zamin - 06 The Wait.wav' as it's not a positive integer
writeCommonTags: couldn't write 'track' tag to 'Zamin - Zamin/Zamin - Zamin - 06 The Wait.wav' as it's not a positive integer
writeCommonTags: couldn't write 'year' tag to 'Zamin - Zamin/Zamin - Zamin - 07 Broken.wav' as it's not a positive integer
writeCommonTags: couldn't write 'track' tag to 'Zamin - Zamin/Zamin - Zamin - 07 Broken.wav' as it's not a positive integer
writeCommonTags: couldn't write 'year' tag to 'Zamin - Zamin/Zamin - Zamin - 08 Rush.wav' as it's not a positive integer
writeCommonTags: couldn't write 'track' tag to 'Zamin - Zamin/Zamin - Zamin - 08 Rush.wav' as it's not a positive integer
writeCommonTags: couldn't write 'year' tag to 'Zamin - Zamin/Zamin - Zamin - 09 Hai Hai.wav' as it's not a positive integer
writeCommonTags: couldn't write 'track' tag to 'Zamin - Zamin/Zamin - Zamin - 09 Hai Hai.wav' as it's not a positive integer
writeCommonTags: couldn't write 'year' tag to 'Zamin - Zamin/Zamin - Zamin - 10 In The Dark.wav' as it's not a positive integer
writeCommonTags: couldn't write 'track' tag to 'Zamin - Zamin/Zamin - Zamin - 10 In The Dark.wav' as it's not a positive integer
writeCommonTags: couldn't write 'year' tag to 'Zamin - Zamin/Zamin - Zamin - 01 Jago.wav' as it's not a positive integer
writeCommonTags: couldn't write 'track' tag to 'Zamin - Zamin/Zamin - Zamin - 01 Jago.wav' as it's not a positive integer
writeCommonTags: couldn't write 'year' tag to 'Zamin - Zamin/Zamin - Zamin - 02 Laila.wav' as it's not a positive integer
writeCommonTags: couldn't write 'track' tag to 'Zamin - Zamin/Zamin - Zamin - 02 Laila.wav' as it's not a positive integer
writeCommonTags: couldn't write 'year' tag to 'Zamin - Zamin/Zamin - Zamin - 03 Shaam.wav' as it's not a positive integer
writeCommonTags: couldn't write 'track' tag to 'Zamin - Zamin/Zamin - Zamin - 03 Shaam.wav' as it's not a positive integer
writeCommonTags: couldn't write 'year' tag to 'Zamin - Zamin/Zamin - Zamin - 04 Too Much.wav' as it's not a positive integer
writeCommonTags: couldn't write 'track' tag to 'Zamin - Zamin/Zamin - Zamin - 04 Too Much.wav' as it's not a positive integer
writeCommonTags: couldn't write 'year' tag to 'Zamin - Zamin/Zamin - Zamin - 05 The Wait Alaap.wav' as it's not a positive integer
writeCommonTags: couldn't write 'track' tag to 'Zamin - Zamin/Zamin - Zamin - 05 The Wait Alaap.wav' as it's not a positive integer
writeCommonTags: couldn't write 'year' tag to 'Zamin - Zamin/Zamin - Zamin - 06 The Wait.wav' as it's not a positive integer
writeCommonTags: couldn't write 'track' tag to 'Zamin - Zamin/Zamin - Zamin - 06 The Wait.wav' as it's not a positive integer
writeCommonTags: couldn't write 'year' tag to 'Zamin - Zamin/Zamin - Zamin - 07 Broken.wav' as it's not a positive integer
writeCommonTags: couldn't write 'track' tag to 'Zamin - Zamin/Zamin - Zamin - 07 Broken.wav' as it's not a positive integer
writeCommonTags: couldn't write 'year' tag to 'Zamin - Zamin/Zamin - Zamin - 08 Rush.wav' as it's not a positive integer
writeCommonTags: couldn't write 'track' tag to 'Zamin - Zamin/Zamin - Zamin - 08 Rush.wav' as it's not a positive integer
writeCommonTags: couldn't write 'year' tag to 'Zamin - Zamin/Zamin - Zamin - 09 Hai Hai.wav' as it's not a positive integer
writeCommonTags: couldn't write 'track' tag to 'Zamin - Zamin/Zamin - Zamin - 09 Hai Hai.wav' as it's not a positive integer
writeCommonTags: couldn't write 'year' tag to 'Zamin - Zamin/Zamin - Zamin - 10 In The Dark.wav' as it's not a positive integer
writeCommonTags: couldn't write 'track' tag to 'Zamin - Zamin/Zamin - Zamin - 10 In The Dark.wav' as it's not a positive integer
writeCommonTags: couldn't write 'year' tag to 'Zamin - Zamin/Zamin - Zamin - 01 Jago.wav' as it's not a positive integer
writeCommonTags: couldn't write 'track' tag to 'Zamin - Zamin/Zamin - Zamin - 01 Jago.wav' as it's not a positive integer
writeCommonTags: couldn't write 'year' tag to 'Zamin - Zamin/Zamin - Zamin - 02 Laila.wav' as it's not a positive integer
writeCommonTags: couldn't write 'track' tag to 'Zamin - Zamin/Zamin - Zamin - 02 Laila.wav' as it's not a positive integer
writeCommonTags: couldn't write 'year' tag to 'Zamin - Zamin/Zamin - Zamin - 03 Shaam.wav' as it's not a positive integer
writeCommonTags: couldn't write 'track' tag to 'Zamin - Zamin/Zamin - Zamin - 03 Shaam.wav' as it's not a positive integer
writeCommonTags: couldn't write 'year' tag to 'Zamin - Zamin/Zamin - Zamin - 04 Too Much.wav' as it's not a positive integer
writeCommonTags: couldn't write 'track' tag to 'Zamin - Zamin/Zamin - Zamin - 04 Too Much.wav' as it's not a positive integer
writeCommonTags: couldn't write 'year' tag to 'Zamin - Zamin/Zamin - Zamin - 05 The Wait Alaap.wav' as it's not a positive integer
writeCommonTags: couldn't write 'track' tag to 'Zamin - Zamin/Zamin - Zamin - 05 The Wait Alaap.wav' as it's not a positive integer
writeCommonTags: couldn't write 'year' tag to 'Zamin - Zamin/Zamin - Zamin - 06 The Wait.wav' as it's not a positive integer
writeCommonTags: couldn't write 'track' tag to 'Zamin - Zamin/Zamin - Zamin - 06 The Wait.wav' as it's not a positive integer
writeCommonTags: couldn't write 'year' tag to 'Zamin - Zamin/Zamin - Zamin - 07 Broken.wav' as it's not a positive integer
writeCommonTags: couldn't write 'track' tag to 'Zamin - Zamin/Zamin - Zamin - 07 Broken.wav' as it's not a positive integer
writeCommonTags: couldn't write 'year' tag to 'Zamin - Zamin/Zamin - Zamin - 08 Rush.wav' as it's not a positive integer
writeCommonTags: couldn't write 'track' tag to 'Zamin - Zamin/Zamin - Zamin - 08 Rush.wav' as it's not a positive integer
writeCommonTags: couldn't write 'year' tag to 'Zamin - Zamin/Zamin - Zamin - 09 Hai Hai.wav' as it's not a positive integer
writeCommonTags: couldn't write 'track' tag to 'Zamin - Zamin/Zamin - Zamin - 09 Hai Hai.wav' as it's not a positive integer
writeCommonTags: couldn't write 'year' tag to 'Zamin - Zamin/Zamin - Zamin - 10 In The Dark.wav' as it's not a positive integer
writeCommonTags: couldn't write 'track' tag to 'Zamin - Zamin/Zamin - Zamin - 10 In The Dark.wav' as it's not a positive integer
writeCommonTags: couldn't write 'year' tag to 'JPEGMAFIA x Danny Brown - SCARING THE HOES/JPEGMAFIA x Danny Brown - SCARING THE HOES - 01 Lean Beef Patty.wav' as it's not a positive integer
writeCommonTags: couldn't write 'year' tag to 'JPEGMAFIA x Danny Brown - SCARING THE HOES/JPEGMAFIA x Danny Brown - SCARING THE HOES - 02 Steppa Pig.wav' as it's not a positive integer
writeCommonTags: couldn't write 'year' tag to 'JPEGMAFIA x Danny Brown - SCARING THE HOES/JPEGMAFIA x Danny Brown - SCARING THE HOES - 03 SCARING THE HOES.wav' as it's not a positive integer
writeCommonTags: couldn't write 'year' tag to 'JPEGMAFIA x Danny Brown - SCARING THE HOES/JPEGMAFIA x Danny Brown - SCARING THE HOES - 04 Garbage Pale Kids.wav' as it's not a positive integer
writeCommonTags: couldn't write 'year' tag to 'JPEGMAFIA x Danny Brown - SCARING THE HOES/JPEGMAFIA x Danny Brown - SCARING THE HOES - 05 Fentanyl Tester.wav' as it's not a positive integer
writeCommonTags: couldn't write 'year' tag to 'JPEGMAFIA x Danny Brown - SCARING THE HOES/JPEGMAFIA x Danny Brown - SCARING THE HOES - 06 Burfict!.wav' as it's not a positive integer
writeCommonTags: couldn't write 'year' tag to 'JPEGMAFIA x Danny Brown - SCARING THE HOES/JPEGMAFIA x Danny Brown - SCARING THE HOES - 07 Shut Yo Bitch Ass Up - Muddy Waters.wav' as it's not a positive integer
writeCommonTags: couldn't write 'year' tag to 'JPEGMAFIA x Danny Brown - SCARING THE HOES/JPEGMAFIA x Danny Brown - SCARING THE HOES - 08 Orange Juice Jones.wav' as it's not a positive integer
writeCommonTags: couldn't write 'year' tag to 'JPEGMAFIA x Danny Brown - SCARING THE HOES/JPEGMAFIA x Danny Brown - SCARING THE HOES - 09 Kingdom Hearts Key (ft. redveil).wav' as it's not a positive integer
writeCommonTags: couldn't write 'year' tag to 'JPEGMAFIA x Danny Brown - SCARING THE HOES/JPEGMAFIA x Danny Brown - SCARING THE HOES - 10 God Loves You.wav' as it's not a positive integer
writeCommonTags: couldn't write 'year' tag to 'JPEGMAFIA x Danny Brown - SCARING THE HOES/JPEGMAFIA x Danny Brown - SCARING THE HOES - 11 Run The Jewels.wav' as it's not a positive integer
writeCommonTags: couldn't write 'year' tag to 'JPEGMAFIA x Danny Brown - SCARING THE HOES/JPEGMAFIA x Danny Brown - SCARING THE HOES - 12 Jack Harlow Combo Meal.wav' as it's not a positive integer
writeCommonTags: couldn't write 'year' tag to 'JPEGMAFIA x Danny Brown - SCARING THE HOES/JPEGMAFIA x Danny Brown - SCARING THE HOES - 13 HOE (Heaven on Earth).wav' as it's not a positive integer
writeCommonTags: couldn't write 'year' tag to 'JPEGMAFIA x Danny Brown - SCARING THE HOES/JPEGMAFIA x Danny Brown - SCARING THE HOES - 14 Where Ya Get Ya Coke From-.wav' as it's not a positive integer
